Jul 05, 2020 13:01:00.518 [0x7f6a8d36c700] INFO - Plex Tuner Service v1.0.0.0 - Docker Docker Container (LinuxServer.io) x86_64 - build: 
Jul 05, 2020 13:01:00.518 [0x7f6a8d36c700] INFO - Linux version: 4.19.104-microsoft-standard (#1 SMP Wed Feb 19 06:37:35 UTC 2020), language: en-US
Jul 05, 2020 13:01:00.518 [0x7f6a8d36c700] INFO - Processor Intel(R) Core(TM) i5-8265U CPU @ 1.60GHz
Jul 05, 2020 13:01:00.518 [0x7f6a8d36c700] INFO - /usr/lib/plexmediaserver/Plex Tuner Service /usr/lib/plexmediaserver/Resources/Tuner/Private /usr/lib/plexmediaserver/Resources/Tuner/Shared 1.19.4.2935-79e214ead 32600 /waitmutex
Jul 05, 2020 13:01:00.517 [0x7f6a92310740] INFO - [I] broker_t::start...
Jul 05, 2020 13:01:00.518 [0x7f6a92310740] INFO - [I] device_manager_t::init.
Jul 05, 2020 13:01:00.518 [0x7f6a92310740] INFO - [I] device_manager_t::init. Initialize provider manager
Jul 05, 2020 13:01:00.518 [0x7f6a92310740] INFO - [I] device_manager_t::init. Initialize all device auxes
Jul 05, 2020 13:01:00.518 [0x7f6a92310740] INFO - [I] dvb_device_factory_t::get_aux_list
Jul 05, 2020 13:01:00.519 [0x7f6a92310740] INFO - [I] tvbutler_aux_t::init
Jul 05, 2020 13:01:00.520 [0x7f6a92310740] INFO - [I] web_server_t::start. Starting web server on port 32600
Jul 05, 2020 13:01:08.848 [0x7f6a87fff700] INFO - [I] web_service_t::process_device_discovery
Jul 05, 2020 13:01:08.848 [0x7f6a87fff700] INFO - [I] device_reactor_t::get_device_list ()
Jul 05, 2020 13:01:08.848 [0x7f6a87fff700] INFO - [I] dvb_device_factory_t::get_device_list ()
Jul 05, 2020 13:01:10.857 [0x7f6a87fff700] INFO - [I] SAT2IP - discover_satip_servers(): no servers found
Jul 05, 2020 13:01:11.284 [0x7f6a87fff700] INFO - [I] v4l::DeviceGetList_impl. getting v4l device list
Jul 05, 2020 13:01:11.290 [0x7f6a87fff700] INFO - [I] onetv_factory::DeviceGetListEx >>
Jul 05, 2020 13:01:11.290 [0x7f6a87fff700] WARN - [W] onetv_factory::DeviceGetListEx. libusb_init returned an error -99
Jul 05, 2020 13:02:09.089 [0x7f6a92310740] INFO - [I] device_manager_t::term
Jul 05, 2020 13:02:09.089 [0x7f6a92310740] INFO - [I] device_manager_t::term. Stop all devices
Jul 05, 2020 13:02:09.089 [0x7f6a92310740] INFO - [I] device_manager_t::term. Shut down all device auxes
Jul 05, 2020 13:02:09.089 [0x7f6a92310740] INFO - [I] tvbutler_aux_t::term
Jul 05, 2020 13:02:09.090 [0x7f6a92310740] INFO - [I] web_server_t::stop. Web server is stopped
Jul 05, 2020 13:02:09.090 [0x7f6a92310740] INFO - [I] device_manager_t::term
Jul 05, 2020 13:02:09.090 [0x7f6a92310740] INFO - [I] device_manager_t::term. Stop all devices
Jul 05, 2020 13:02:09.090 [0x7f6a92310740] INFO - [I] device_manager_t::term. Shut down all device auxes
Jul 05, 2020 13:02:09.090 [0x7f6a92310740] INFO - [I] broker_t::shutdown. Shutdown is completed.
