2020-07-05 13:07:20,581 (7f4077125c00) :  INFO (core:349) - Starting framework core - Version: 2.6.3, Build: 79e214e (Thu Jun 11 11:15:02 UTC 2020)
2020-07-05 13:07:20,581 (7f4077125c00) :  DEBUG (core:361) - Using the elevated policy
2020-07-05 13:07:20,582 (7f4077125c00) :  DEBUG (core:365) - Extending whitelist: ['cgi', 'tempfile']
2020-07-05 13:07:20,582 (7f4077125c00) :  DEBUG (core:450) - Starting runtime component.
2020-07-05 13:07:20,584 (7f4077125c00) :  DEBUG (core:450) - Starting caching component.
2020-07-05 13:07:20,585 (7f4077125c00) :  DEBUG (core:450) - Starting data component.
2020-07-05 13:07:20,585 (7f4077125c00) :  DEBUG (core:450) - Starting networking component.
2020-07-05 13:07:20,585 (7f4077125c00) :  DEBUG (networking:261) - Loaded HTTP cookies
2020-07-05 13:07:20,585 (7f4077125c00) :  DEBUG (networking:428) - Setting the default network timeout to 20.0
2020-07-05 13:07:20,586 (7f4077125c00) :  DEBUG (core:450) - Starting localization component.
2020-07-05 13:07:20,586 (7f4077125c00) :  INFO (localization:409) - Setting the default locale to en-us
2020-07-05 13:07:20,586 (7f4077125c00) :  DEBUG (localization:427) - Loaded en strings
2020-07-05 13:07:20,586 (7f4077125c00) :  DEBUG (core:450) - Starting messaging component.
2020-07-05 13:07:20,587 (7f4077125c00) :  DEBUG (core:450) - Starting debugging component.
2020-07-05 13:07:20,587 (7f4077125c00) :  DEBUG (core:450) - Starting services component.
2020-07-05 13:07:20,587 (7f4077125c00) :  DEBUG (core:450) - Starting myplex component.
2020-07-05 13:07:20,587 (7f4077125c00) :  DEBUG (core:450) - Starting notifications component.
2020-07-05 13:07:20,686 (7f4077125c00) :  DEBUG (accessor:68) - Creating a new model access point for provider com.plexapp.system in namespace 'metadata'
2020-07-05 13:07:20,696 (7f4056ffd700) :  DEBUG (services:265) - Plug-in is not daemonized - loading services from system
2020-07-05 13:07:20,697 (7f4077125c00) :  DEBUG (runtime:1117) - Created a thread named 'load_all_services'
2020-07-05 13:07:20,697 (7f4056ffd700) :  DEBUG (networking:143) - Requesting 'http://127.0.0.1:32400/:/plugins/com.plexapp.system/messaging/function/X0J1bmRsZVNlcnZpY2U6QWxsU2VydmljZXM_/Y2VyZWFsMQoxCmxpc3QKMApyMAo_/Y2VyZWFsMQoxCmRpY3QKMApyMAo_'
2020-07-05 13:07:20,699 (7f4055ffb700) :  DEBUG (networking:143) - Requesting 'http://127.0.0.1:32400'
2020-07-05 13:07:20,699 (7f4077125c00) :  DEBUG (runtime:1117) - Created a thread named 'get_server_info'
2020-07-05 13:07:20,702 (7f4077125c00) :  DEBUG (core:150) - Finished starting framework core
2020-07-05 13:07:20,703 (7f4077125c00) :  DEBUG (core:560) - Loading plug-in code
2020-07-05 13:07:20,711 (7f4055ffb700) :  DEBUG (core:538) - Machine identifier is 84babd2b6413574365ceb3daa97f2ed6a2151f97
2020-07-05 13:07:20,713 (7f4055ffb700) :  DEBUG (core:539) - Server version is 1.19.4.2935-79e214ead
2020-07-05 13:07:20,728 (7f4077125c00) :  DEBUG (core:566) - Finished loading plug-in code
2020-07-05 13:07:20,729 (7f4077125c00) :  DEBUG (runtime:640) - Adding a prefix handler for 'System' ('/system')
2020-07-05 13:07:21,561 (7f4077125c00) :  INFO (__init__:40) - Starting System 79e214e (Thu Jun 11 11:15:02 UTC 2020)
2020-07-05 13:07:21,561 (7f4077125c00) :  DEBUG (runtime:640) - Adding a prefix handler for 'Player' ('/player')
2020-07-05 13:07:21,575 (7f4077125c00) :  INFO (datakit:93) - Loaded the dictionary file
2020-07-05 13:07:21,575 (7f4077125c00) :  DEBUG (agentservice:52) - Starting the agent service
2020-07-05 13:07:21,673 (7f4077125c00) :  DEBUG (accessor:68) - Creating a new model access point for provider com.plexapp.system in namespace 'metadata'
2020-07-05 13:07:21,680 (7f4077125c00) :  DEBUG (bundleservice:69) - Starting the bundle service
2020-07-05 13:07:21,680 (7f4077125c00) :  DEBUG (runtime:1117) - Created a thread named 'start'
2020-07-05 13:07:21,681 (7f4077125c00) :  DEBUG (helpservice:14) - Starting the help service
2020-07-05 13:07:21,681 (7f4077125c00) :  DEBUG (storeservice:198) - Starting the store service
2020-07-05 13:07:21,689 (7f40548b9700) :  DEBUG (runtime:1117) - Created a thread named 'ensure_agent_info_exists_inner'
2020-07-05 13:07:21,688 (7f4077125c00) :  DEBUG (runtime:1117) - Created a thread named 'start'
2020-07-05 13:07:21,690 (7f4033fff700) :  DEBUG (networking:143) - Requesting 'http://127.0.0.1:32400'
2020-07-05 13:07:21,690 (7f4077125c00) :  DEBUG (installservice:30) - Starting the install service
2020-07-05 13:07:21,697 (7f4077125c00) :  DEBUG (playerservice:12) - Starting the player service
2020-07-05 13:07:21,698 (7f4033fff700) :  DEBUG (core:521) - Attribute 'platformVersion' set to '4.19.104-microsoft-standard'
2020-07-05 13:07:21,699 (7f4077125c00) :  DEBUG (flagservice:13) - Starting the media flag service
2020-07-05 13:07:21,700 (7f4033fff700) :  DEBUG (networking:143) - Requesting 'https://plugins.plex.tv/apps/all.json?frameworkVersion=2.6.3&machineIdentifier=84babd2b6413574365ceb3daa97f2ed6a2151f97&os=Linux&osVersion=4.19.104-microsoft-standard&cpu=i386&serverVersion=1.19.4.2935-79e214ead&systemRevision=79e214e'
2020-07-05 13:07:21,700 (7f40548b9700) :  DEBUG (runtime:1117) - Created a thread named 'ensure_agent_info_exists_inner'
2020-07-05 13:07:21,701 (7f4077125c00) :  DEBUG (runtime:1117) - Created a thread named 'start'
2020-07-05 13:07:21,702 (7f4077125c00) :  DEBUG (peerservice:141) - Starting the peer service
2020-07-05 13:07:21,712 (7f40548b9700) :  DEBUG (runtime:1117) - Created a thread named 'ensure_agent_info_exists_inner'
2020-07-05 13:07:21,712 (7f4077125c00) :  DEBUG (runtime:1117) - Created a thread named 'refresh_servers'
2020-07-05 13:07:21,712 (7f40321c8700) :  DEBUG (peerservice:164) - Fetching the current list of servers
2020-07-05 13:07:21,714 (7f4077125c00) :  DEBUG (runtime:1150) - Scheduled a timed thread named 'refresh_servers'
2020-07-05 13:07:21,715 (7f40548b9700) :  DEBUG (runtime:1117) - Created a thread named 'ensure_agent_info_exists_inner'
2020-07-05 13:07:21,716 (7f40321c8700) :  DEBUG (networking:143) - Requesting 'http://127.0.0.1:32400/servers'
2020-07-05 13:07:21,716 (7f4077125c00) :  DEBUG (streamservice:18) - Starting the stream service
2020-07-05 13:07:21,718 (7f4077125c00) :  CRITICAL (runtime:709) - Private handlers are no longer supported; couldn't register <bound method StreamService.token_handler of <streamservice.StreamService object at 0x7f4055140850>>
2020-07-05 13:07:21,721 (7f40321c8700) :  DEBUG (peerservice:171) - Refreshing local server
2020-07-05 13:07:21,721 (7f4077125c00) :  DEBUG (runtime:1150) - Scheduled a timed thread named 'invalidation_timer'
2020-07-05 13:07:21,720 (7f40548b9700) :  DEBUG (runtime:1117) - Created a thread named 'ensure_agent_info_exists_inner'
2020-07-05 13:07:21,721 (7f40321c8700) :  DEBUG (peerservice:189) - Updating servers (True/False True/True/True)
2020-07-05 13:07:21,722 (7f4077125c00) :  DEBUG (proxyservice:12) - Starting the proxy service
2020-07-05 13:07:21,723 (7f40321c8700) :  DEBUG (peerservice:198) - Found 1 servers
2020-07-05 13:07:21,724 (7f40548b9700) :  DEBUG (runtime:1117) - Created a thread named 'ensure_agent_info_exists_inner'
2020-07-05 13:07:21,726 (7f40321c8700) :  DEBUG (peerservice:230) - Creating new server 1fa4655ae793 (84babd2b6413574365ceb3daa97f2ed6a2151f97)
2020-07-05 13:07:21,727 (7f40321c8700) :  DEBUG (networking:143) - Requesting 'http://127.0.0.1:32400/library/sections'
2020-07-05 13:07:21,729 (7f40548b9700) :  DEBUG (runtime:1117) - Created a thread named 'ensure_agent_info_exists_inner'
2020-07-05 13:07:21,732 (7f40321c8700) :  DEBUG (networking:143) - Requesting 'http://127.0.0.1:32400/channels/all'
2020-07-05 13:07:21,735 (7f40548b9700) :  DEBUG (runtime:1117) - Created a thread named 'ensure_agent_info_exists_inner'
2020-07-05 13:07:21,737 (7f40309c5700) :  DEBUG (peerservice:176) - Background-refreshing remote servers
2020-07-05 13:07:21,737 (7f40321c8700) :  DEBUG (runtime:1117) - Created a thread named 'background_refresh'
2020-07-05 13:07:21,738 (7f4077125c00) :  DEBUG (runtime:1117) - Created a thread named 'update_attribution_flags_inner'
2020-07-05 13:07:21,739 (7f40309c5700) :  DEBUG (peerservice:189) - Updating servers (True/False True/True/True)
2020-07-05 13:07:21,741 (7f40548b9700) :  DEBUG (runtime:1117) - Created a thread named 'ensure_agent_info_exists_inner'
2020-07-05 13:07:21,741 (7f4077125c00) :  INFO (core:611) - Started plug-in
2020-07-05 13:07:21,741 (7f40309c5700) :  DEBUG (peerservice:198) - Found 1 servers
2020-07-05 13:07:21,742 (7f4077125c00) :  DEBUG (socketinterface:160) - Starting socket server
2020-07-05 13:07:21,742 (7f40309c5700) :  DEBUG (peerservice:233) - Updating existing server 1fa4655ae793 (84babd2b6413574365ceb3daa97f2ed6a2151f97)
2020-07-05 13:07:21,745 (7f40548b9700) :  DEBUG (runtime:1117) - Created a thread named 'ensure_agent_info_exists_inner'
2020-07-05 13:07:21,745 (7f40309c5700) :  DEBUG (networking:143) - Requesting 'http://127.0.0.1:32400/library/sections'
2020-07-05 13:07:21,747 (7f4077125c00) :  DEBUG (runtime:1117) - Created a thread named 'start'
2020-07-05 13:07:21,748 (7f4077125c00) :  INFO (socketinterface:184) - Socket server started on port 41139
2020-07-05 13:07:21,750 (7f4077125c00) :  INFO (pipeinterface:25) - Entering run loop
2020-07-05 13:07:21,751 (7f40548b9700) :  DEBUG (runtime:1117) - Created a thread named 'ensure_agent_info_exists_inner'
2020-07-05 13:07:21,752 (7f4077125c00) :  DEBUG (runtime:717) - Handling request GET /:/prefixes
2020-07-05 13:07:21,752 (7f40309c5700) :  DEBUG (networking:143) - Requesting 'http://127.0.0.1:32400/channels/all'
2020-07-05 13:07:21,756 (7f40548b9700) :  DEBUG (runtime:1117) - Created a thread named 'ensure_agent_info_exists_inner'
2020-07-05 13:07:21,760 (7f4077125c00) :  DEBUG (runtime:814) - Found route matching /:/prefixes
2020-07-05 13:07:21,763 (7f4077125c00) :  DEBUG (runtime:924) - Response: [200] MediaContainer, 486 bytes
2020-07-05 13:07:21,765 (7f40548b9700) :  DEBUG (runtime:1117) - Created a thread named 'ensure_agent_info_exists_inner'
2020-07-05 13:07:21,767 (7f4013fff700) :  DEBUG (runtime:717) - Handling request GET /:/plugins/com.plexapp.system/messaging/function/X0J1bmRsZVNlcnZpY2U6QWxsU2VydmljZXM_/Y2VyZWFsMQoxCmxpc3QKMApyMAo_/Y2VyZWFsMQoxCmRpY3QKMApyMAo_
2020-07-05 13:07:21,782 (7f40548b9700) :  DEBUG (runtime:1117) - Created a thread named 'ensure_agent_info_exists_inner'
2020-07-05 13:07:21,791 (7f40548b9700) :  DEBUG (runtime:1117) - Created a thread named 'ensure_agent_info_exists_inner'
2020-07-05 13:07:21,812 (7f4013fff700) :  DEBUG (runtime:814) - Found route matching /:/plugins/com.plexapp.system/messaging/function/X0J1bmRsZVNlcnZpY2U6QWxsU2VydmljZXM_/Y2VyZWFsMQoxCmxpc3QKMApyMAo_/Y2VyZWFsMQoxCmRpY3QKMApyMAo_
2020-07-05 13:07:21,831 (7f40548b9700) :  DEBUG (runtime:1117) - Created a thread named 'remove_unavailable_agents'
2020-07-05 13:07:21,831 (7f40548b9700) :  DEBUG (bundleservice:85) - Started the bundle service
2020-07-05 13:07:21,842 (7f40337fe700) :  DEBUG (flagservice:46) - Started the media flag service
2020-07-05 13:07:21,869 (7f40319c7700) :  INFO (agentservice:125) - Agent info: {'com.plexapp.agents.fanarttv': [{'media_types': ['Movie'], 'primary_provider': False, 'fallback_agent': None, 'contributes_to': ['com.plexapp.agents.imdb', 'com.plexapp.agents.themoviedb'], 'has_attribution': True, 'languages': ['xn'], 'persist_stored_files': True, 'version': 0, 'accepts_from': None, 'prefs': True, 'name': 'Fanart.tv'}, {'media_types': ['TV_Show'], 'primary_provider': False, 'fallback_agent': None, 'contributes_to': ['com.plexapp.agents.thetvdb', 'com.plexapp.agents.themoviedb'], 'has_attribution': True, 'languages': ['xn'], 'persist_stored_files': True, 'version': 0, 'accepts_from': None, 'prefs': True, 'name': 'Fanart.tv'}, {'media_types': ['Artist'], 'primary_provider': False, 'fallback_agent': None, 'contributes_to': ['com.plexapp.agents.lastfm'], 'has_attribution': True, 'languages': ['xn'], 'persist_stored_files': True, 'version': 0, 'accepts_from': None, 'prefs': True, 'name': 'Fanart.tv'}, {'media_types': ['Album'], 'primary_provider': False, 'fallback_agent': None, 'contributes_to': ['com.plexapp.agents.lastfm'], 'has_attribution': True, 'languages': ['xn'], 'persist_stored_files': True, 'version': 0, 'accepts_from': None, 'prefs': True, 'name': 'Fanart.tv'}], 'com.plexapp.agents.none': [{'media_types': ['Movie'], 'primary_provider': True, 'fallback_agent': None, 'contributes_to': None, 'has_attribution': False, 'languages': ['xn'], 'persist_stored_files': True, 'version': 0, 'accepts_from': None, 'prefs': False, 'name': 'Personal Media'}, {'media_types': ['TV_Show'], 'primary_provider': True, 'fallback_agent': None, 'contributes_to': None, 'has_attribution': False, 'languages': ['xn'], 'persist_stored_files': True, 'version': 0, 'accepts_from': None, 'prefs': False, 'name': 'Personal Media Shows'}, {'media_types': ['Artist'], 'primary_provider': True, 'fallback_agent': None, 'contributes_to': None, 'has_attribution': False, 'languages': ['xn'], 'persist_stored_files': True, 'version': 0, 'accepts_from': None, 'prefs': False, 'name': 'Personal Media Artists'}, {'media_types': ['Album'], 'primary_provider': True, 'fallback_agent': None, 'contributes_to': None, 'has_attribution': False, 'languages': ['xn'], 'persist_stored_files': True, 'version': 0, 'accepts_from': None, 'prefs': False, 'name': 'Personal Media Albums'}, {'media_types': ['Photo'], 'primary_provider': True, 'fallback_agent': None, 'contributes_to': None, 'has_attribution': False, 'languages': ['en', 'ar', 'bg', 'ca', 'cs', 'cy', 'da', 'de', 'el', 'es', 'et', 'fa', 'fi', 'fr', 'he', 'hi', 'hr', 'ht', 'hu', 'id', 'it', 'ja', 'ko', 'lt', 'lv', 'ms', 'mt', 'nl', 'no', 'pl', 'pt', 'ro', 'ru', 'sk', 'sv', 'sl', 'sr', 'th', 'tr', 'uk', 'ur', 'vi', 'zh', 'xn'], 'persist_stored_files': True, 'version': 0, 'accepts_from': None, 'prefs': False, 'name': 'Photos'}], 'tv.plex.agents.music': [{'media_types': ['Artist'], 'primary_provider': True, 'fallback_agent': None, 'contributes_to': ['com.plexapp.agents.localmedia'], 'has_attribution': True, 'languages': ['en', 'ar', 'bg', 'zh', 'hr', 'cs', 'da', 'nl', 'fi', 'fr', 'de', 'el', 'hu', 'id', 'it', 'ja', 'ko', 'nn', 'pl', 'pt', 'ro', 'ru', 'sr', 'sk', 'es', 'sv', 'th', 'tr', 'vi', 'xx'], 'persist_stored_files': True, 'version': 0, 'accepts_from': None, 'prefs': True, 'name': 'Plex Music'}, {'media_types': ['Album'], 'primary_provider': True, 'fallback_agent': None, 'contributes_to': ['com.plexapp.agents.localmedia'], 'has_attribution': True, 'languages': ['en', 'ar', 'bg', 'zh', 'hr', 'cs', 'da', 'nl', 'fi', 'fr', 'de', 'el', 'hu', 'id', 'it', 'ja', 'ko', 'nn', 'pl', 'pt', 'ro', 'ru', 'sr', 'sk', 'es', 'sv', 'th', 'tr', 'vi', 'xx'], 'persist_stored_files': True, 'version': 0, 'accepts_from': None, 'prefs': True, 'name': 'Plex Music'}], 'com.plexapp.agents.htbackdrops': [{'media_types': ['Artist'], 'primary_provider': False, 'fallback_agent': None, 'contributes_to': ['com.plexapp.agents.lastfm'], 'has_attribution': True, 'languages': ['ab', 'aa', 'af', 'ak', 'sq', 'am', 'ar', 'an', 'hy', 'as', 'av', 'ae', 'ay', 'az', 'bm', 'ba', 'eu', 'be', 'bn', 'bh', 'bi', 'bs', 'pb', 'br', 'bg', 'my', 'ca', 'ch', 'ce', 'ny', 'zh', 'cu', 'cv', 'kw', 'co', 'cr', 'hr', 'cs', 'da', 'dv', 'nl', 'dz', 'en', 'eo', 'et', 'ee', 'fo', 'fj', 'fi', 'fr', 'fy', 'ff', 'gd', 'gl', 'lg', 'ka', 'de', 'el', 'gn', 'gu', 'ht', 'ha', 'he', 'hz', 'hi', 'ho', 'hu', 'is', 'io', 'ig', 'id', 'ia', 'ie', 'iu', 'ik', 'ga', 'it', 'ja', 'jv', 'kl', 'kn', 'kr', 'ks', 'kk', 'km', 'ki', 'rw', 'ky', 'kv', 'kg', 'ko', 'kj', 'ku', 'lo', 'la', 'lv', 'li', 'ln', 'lt', 'lu', 'lb', 'mk', 'mg', 'ms', 'ml', 'mt', 'gv', 'mi', 'mr', 'mh', 'mo', 'mn', 'na', 'nv', 'ng', 'ne', 'xn', 'nd', 'no', 'nb', 'nn', 'oc', 'oj', 'or', 'om', 'os', 'pi', 'pa', 'fa', 'pl', 'pt', 'ps', 'qu', 'rm', 'ro', 'rn', 'ru', 'se', 'sm', 'sg', 'sa', 'sc', 'sr', 'sn', 'ii', 'sd', 'si', 'sk', 'sl', 'so', 'st', 'nr', 'es', 'su', 'sw', 'ss', 'sv', 'tl', 'ty', 'tg', 'ta', 'tt', 'te', 'th', 'bo', 'ti', 'to', 'ts', 'tn', 'tr', 'tk', 'tw', 'ug', 'uk', 'ur', 'uz', 've', 'vi', 'vo', 'wa', 'cy', 'wo', 'xh', 'yi', 'yo', 'za', 'zu'], 'persist_stored_files': True, 'version': 0, 'accepts_from': None, 'prefs': False, 'name': 'Home Theater Backdrops'}], 'com.plexapp.agents.imdb': [{'media_types': ['Movie'], 'accepts_from': ['com.plexapp.agents.localmedia'], 'fallback_agent': None, 'contributes_to': ['com.plexapp.agents.themoviedb'], 'has_attribution': True, 'languages': ['en', 'sv', 'fr', 'es', 'nl', 'de', 'it', 'da', 'ar', 'ca', 'zh', 'cs', 'et', 'fi', 'el', 'he', 'hi', 'hu', 'id', 'ja', 'ko', 'lv', 'no', 'fa', 'pl', 'pt', 'ro', 'ru', 'sk', 'th', 'tr', 'uk', 'vi'], 'persist_stored_files': True, 'version': 0, 'primary_provider': True, 'prefs': True, 'name': 'Plex Movie'}], 'com.plexapp.agents.lyricfind': [{'media_types': ['Album'], 'primary_provider': False, 'fallback_agent': None, 'contributes_to': ['com.plexapp.agents.lastfm', 'tv.plex.agents.music', 'org.musicbrainz.agents.music'], 'has_attribution': True, 'languages': ['xn'], 'persist_stored_files': True, 'version': 0, 'accepts_from': None, 'prefs': False, 'name': 'LyricFind'}], 'com.plexapp.agents.thetvdb': [{'media_types': ['TV_Show'], 'primary_provider': True, 'fallback_agent': None, 'contributes_to': None, 'has_attribution': True, 'languages': ['en', 'fr', 'zh', 'sv', 'no', 'da', 'fi', 'nl', 'de', 'it', 'es', 'pl', 'hu', 'el', 'tr', 'ru', 'he', 'ja', 'pt', 'cs', 'ko', 'sl', 'hr'], 'persist_stored_files': True, 'version': 0, 'accepts_from': None, 'prefs': True, 'name': 'TheTVDB'}], 'tv.plex.agents.movie': [{'media_types': ['Movie'], 'primary_provider': True, 'fallback_agent': None, 'contributes_to': None, 'has_attribution': True, 'languages': ['en', 'sv', 'fr', 'es', 'nl', 'de', 'it', 'da', 'ar', 'ca', 'zh', 'cs', 'et', 'fi', 'el', 'he', 'hi', 'hu', 'id', 'ja', 'ko', 'lv', 'no', 'fa', 'pl', 'pt', 'ro', 'ru', 'sk', 'th', 'tr', 'uk', 'vi'], 'persist_stored_files': True, 'version': 0, 'accepts_from': None, 'prefs': True, 'name': 'Plex Movie New'}], 'com.plexapp.agents.plexthememusic': [{'media_types': ['TV_Show'], 'primary_provider': False, 'fallback_agent': None, 'contributes_to': ['com.plexapp.agents.thetvdb', 'com.plexapp.agents.thetvdbdvdorder', 'com.plexapp.agents.themoviedb'], 'has_attribution': False, 'languages': ['xn'], 'persist_stored_files': True, 'version': 0, 'accepts_from': None, 'prefs': False, 'name': 'Plex Theme Music'}], 'org.musicbrainz.agents.music': [{'media_types': ['Artist'], 'primary_provider': True, 'fallback_agent': None, 'contributes_to': None, 'has_attribution': True, 'languages': ['en', 'ar', 'bg', 'zh', 'hr', 'cs', 'da', 'nl', 'fi', 'fr', 'de', 'el', 'hu', 'id', 'it', 'ja', 'ko', 'nn', 'pl', 'pt', 'ro', 'ru', 'sr', 'sk', 'es', 'sv', 'th', 'tr', 'vi', 'xx'], 'persist_stored_files': True, 'version': 0, 'accepts_from': None, 'prefs': True, 'name': 'Musicbrainz'}, {'media_types': ['Album'], 'primary_provider': True, 'fallback_agent': None, 'contributes_to': None, 'has_attribution': True, 'languages': ['en', 'ar', 'bg', 'zh', 'hr', 'cs', 'da', 'nl', 'fi', 'fr', 'de', 'el', 'hu', 'id', 'it', 'ja', 'ko', 'nn', 'pl', 'pt', 'ro', 'ru', 'sr', 'sk', 'es', 'sv', 'th', 'tr', 'vi', 'xx'], 'persist_stored_files': True, 'version': 0, 'accepts_from': None, 'prefs': True, 'name': 'Musicbrainz'}], 'com.plexapp.agents.themoviedb': [{'media_types': ['Movie'], 'primary_provider': True, 'fallback_agent': None, 'contributes_to': None, 'has_attribution': True, 'languages': ['en', 'cs', 'da', 'de', 'el', 'es', 'fi', 'fr', 'he', 'hr', 'hu', 'it', 'lv', 'lt', 'nl', 'no', 'pl', 'pt', 'ru', 'sk', 'sv', 'th', 'tr', 'vi', 'zh', 'ko'], 'persist_stored_files': True, 'version': 0, 'accepts_from': ['com.plexapp.agents.localmedia'], 'prefs': True, 'name': 'The Movie Database'}, {'media_types': ['TV_Show'], 'primary_provider': True, 'fallback_agent': None, 'contributes_to': ['com.plexapp.agents.thetvdb'], 'has_attribution': True, 'languages': ['en', 'cs', 'da', 'de', 'el', 'es', 'fi', 'fr', 'he', 'hr', 'hu', 'it', 'lv', 'lt', 'nl', 'no', 'pl', 'pt', 'ru', 'sk', 'sv', 'th', 'tr', 'vi', 'zh', 'ko'], 'persist_stored_files': True, 'version': 0, 'accepts_from': ['com.plexapp.agents.localmedia', 'com.plexapp.agents.thetvdb'], 'prefs': True, 'name': 'The Movie Database'}], 'com.plexapp.agents.localmedia': [{'media_types': ['Movie'], 'primary_provider': False, 'fallback_agent': None, 'contributes_to': ['com.plexapp.agents.imdb', 'com.plexapp.agents.none'], 'has_attribution': False, 'languages': ['xn'], 'persist_stored_files': False, 'version': 0, 'accepts_from': None, 'prefs': True, 'name': 'Local Media Assets (Movies)'}, {'media_types': ['TV_Show'], 'primary_provider': False, 'fallback_agent': None, 'contributes_to': ['com.plexapp.agents.thetvdb', 'com.plexapp.agents.none'], 'has_attribution': False, 'languages': ['xn'], 'persist_stored_files': False, 'version': 0, 'accepts_from': None, 'prefs': True, 'name': 'Local Media Assets (TV)'}, {'media_types': ['Artist'], 'primary_provider': False, 'fallback_agent': None, 'contributes_to': ['com.plexapp.agents.discogs', 'com.plexapp.agents.lastfm', 'com.plexapp.agents.plexmusic', 'com.plexapp.agents.none', 'tv.plex.agents.music', 'org.musicbrainz.agents.music'], 'has_attribution': False, 'languages': ['xn'], 'persist_stored_files': False, 'version': 0, 'accepts_from': None, 'prefs': True, 'name': 'Local Media Assets (Artists)'}, {'media_types': ['Artist'], 'primary_provider': False, 'fallback_agent': None, 'contributes_to': ['com.plexapp.agents.plexmusic'], 'has_attribution': False, 'languages': ['xn'], 'persist_stored_files': False, 'version': 2, 'accepts_from': None, 'prefs': True, 'name': 'Local Media Assets (Artists)'}, {'media_types': ['Album'], 'primary_provider': False, 'fallback_agent': None, 'contributes_to': ['com.plexapp.agents.discogs', 'com.plexapp.agents.lastfm', 'com.plexapp.agents.plexmusic', 'com.plexapp.agents.none', 'tv.plex.agents.music', 'org.musicbrainz.agents.music'], 'has_attribution': False, 'languages': ['xn'], 'persist_stored_files': False, 'version': 0, 'accepts_from': None, 'prefs': True, 'name': 'Local Media Assets (Albums)'}], 'com.plexapp.agents.movieposterdb': [{'media_types': ['Movie'], 'primary_provider': False, 'fallback_agent': None, 'contributes_to': ['com.plexapp.agents.imdb'], 'has_attribution': True, 'languages': ['xn'], 'persist_stored_files': True, 'version': 0, 'accepts_from': None, 'prefs': False, 'name': 'CineMaterial'}], 'com.plexapp.agents.opensubtitles': [{'media_types': ['Movie'], 'primary_provider': False, 'fallback_agent': None, 'contributes_to': ['com.plexapp.agents.imdb'], 'has_attribution': False, 'languages': ['xn'], 'persist_stored_files': True, 'version': 0, 'accepts_from': None, 'prefs': True, 'name': 'OpenSubtitles.org'}, {'media_types': ['TV_Show'], 'primary_provider': False, 'fallback_agent': None, 'contributes_to': ['com.plexapp.agents.thetvdb'], 'has_attribution': False, 'languages': ['xn'], 'persist_stored_files': True, 'version': 0, 'accepts_from': None, 'prefs': True, 'name': 'OpenSubtitles.org'}], 'com.plexapp.agents.lastfm': [{'media_types': ['Artist'], 'primary_provider': True, 'fallback_agent': None, 'contributes_to': None, 'has_attribution': True, 'languages': ['en', 'sv', 'fr', 'es', 'de', 'pl', 'it', 'pt', 'ja', 'tr', 'ru', 'zh'], 'persist_stored_files': True, 'version': 0, 'accepts_from': None, 'prefs': True, 'name': 'Last.fm'}, {'media_types': ['Album'], 'primary_provider': True, 'fallback_agent': None, 'contributes_to': None, 'has_attribution': True, 'languages': ['en', 'sv', 'fr', 'es', 'de', 'pl', 'it', 'pt', 'ja', 'tr', 'ru', 'zh'], 'persist_stored_files': True, 'version': 0, 'accepts_from': None, 'prefs': True, 'name': 'Last.fm'}]}
2020-07-05 13:07:21,896 (7f40319c7700) :  INFO (datakit:131) - Saved the dictionary file
2020-07-05 13:07:21,905 (7f4013fff700) :  DEBUG (runtime:88) - Sending packed state data (99 bytes)
2020-07-05 13:07:21,905 (7f4013fff700) :  DEBUG (runtime:924) - Response: [200] str, 59966 bytes
2020-07-05 13:07:21,959 (7f4056ffd700) :  DEBUG (services:362) - Loaded services
2020-07-05 13:07:21,966 (7f40567fc700) :  DEBUG (services:438) - No shared code to load
2020-07-05 13:07:21,967 (7f4033fff700) :  DEBUG (preferences:258) - Loaded preferences from DefaultPrefs.json
2020-07-05 13:07:21,967 (7f4033fff700) :  DEBUG (preferences:178) - Loaded the user preferences for com.plexapp.system
2020-07-05 13:07:21,968 (7f4033fff700) :  INFO (storeservice:495) - No beta plugins.
2020-07-05 13:07:21,971 (7f4033fff700) :  INFO (storeservice:334) - Starting automatic update thread
2020-07-05 13:07:21,972 (7f4033fff700) :  DEBUG (runtime:1150) - Scheduled a timed thread named 'auto_update_thread'
2020-07-05 13:07:21,973 (7f4033fff700) :  DEBUG (storeservice:328) - Started the store service
2020-07-05 13:07:30,074 (7f40548b9700) :  DEBUG (runtime:717) - Handling request GET /system/agents?mediaType=1
2020-07-05 13:07:30,079 (7f4033fff700) :  DEBUG (runtime:717) - Handling request GET /system/scanners/1
2020-07-05 13:07:30,112 (7f40548b9700) :  DEBUG (runtime:814) - Found route matching /system/agents
2020-07-05 13:07:30,113 (7f4033fff700) :  DEBUG (runtime:814) - Found route matching /system/scanners/1
2020-07-05 13:07:30,118 (7f4033fff700) :  DEBUG (runtime:88) - Sending packed state data (99 bytes)
2020-07-05 13:07:30,120 (7f4033fff700) :  DEBUG (runtime:924) - Response: [200] MediaContainer, 299 bytes
2020-07-05 13:07:30,122 (7f40548b9700) :  DEBUG (runtime:88) - Sending packed state data (99 bytes)
2020-07-05 13:07:30,123 (7f40548b9700) :  DEBUG (runtime:924) - Response: [200] MediaContainer, 2940 bytes
2020-07-05 13:07:35,123 (7f4056ffd700) :  INFO (datakit:131) - Saved the dictionary file
2020-07-05 13:08:21,973 (7f40567fc700) :  DEBUG (runtime:1156) - Starting timed thread named 'auto_update_thread'
2020-07-05 13:08:21,975 (7f40567fc700) :  INFO (storeservice:356) - Starting automatic update check
2020-07-05 13:08:21,986 (7f40567fc700) :  DEBUG (runtime:1117) - Created a thread named 'remove_unavailable_agents'
2020-07-05 13:08:21,989 (7f40567fc700) :  DEBUG (networking:143) - Requesting 'https://plugins.plex.tv/apps/all.json?frameworkVersion=2.6.3&machineIdentifier=84babd2b6413574365ceb3daa97f2ed6a2151f97&os=Linux&osVersion=4.19.104-microsoft-standard&cpu=i386&serverVersion=1.19.4.2935-79e214ead&systemRevision=79e214e'
2020-07-05 13:08:22,152 (7f40567fc700) :  INFO (storeservice:495) - No beta plugins.
2020-07-05 13:08:22,160 (7f40567fc700) :  INFO (storeservice:531) - 'Services' plug-in [com.plexapp.system.services] is up to date (62fcf1f)
2020-07-05 13:08:22,161 (7f40567fc700) :  INFO (storeservice:362) - All plug-ins are up to date
2020-07-05 13:08:22,161 (7f40567fc700) :  DEBUG (runtime:1150) - Scheduled a timed thread named 'auto_update_thread'
2020-07-05 13:08:27,002 (7f40548b9700) :  INFO (datakit:131) - Saved the dictionary file
2020-07-05 13:09:21,715 (7f40329c9700) :  DEBUG (runtime:1156) - Starting timed thread named 'refresh_servers'
2020-07-05 13:09:21,716 (7f40329c9700) :  DEBUG (peerservice:164) - Fetching the current list of servers
2020-07-05 13:09:21,718 (7f40329c9700) :  DEBUG (networking:143) - Requesting 'http://127.0.0.1:32400/servers'
2020-07-05 13:09:21,720 (7f40329c9700) :  DEBUG (peerservice:171) - Refreshing local server
2020-07-05 13:09:21,720 (7f40329c9700) :  DEBUG (peerservice:189) - Updating servers (True/False True/True/True)
2020-07-05 13:09:21,721 (7f40329c9700) :  DEBUG (peerservice:198) - Found 1 servers
2020-07-05 13:09:21,721 (7f40329c9700) :  DEBUG (peerservice:233) - Updating existing server 1fa4655ae793 (84babd2b6413574365ceb3daa97f2ed6a2151f97)
2020-07-05 13:09:21,721 (7f40329c9700) :  DEBUG (networking:143) - Requesting 'http://127.0.0.1:32400/library/sections'
2020-07-05 13:09:21,728 (7f40329c9700) :  DEBUG (networking:143) - Requesting 'http://127.0.0.1:32400/channels/all'
2020-07-05 13:09:21,730 (7f40548b9700) :  DEBUG (peerservice:176) - Background-refreshing remote servers
2020-07-05 13:09:21,731 (7f40548b9700) :  DEBUG (peerservice:189) - Updating servers (True/False True/True/True)
2020-07-05 13:09:21,731 (7f40329c9700) :  DEBUG (runtime:1117) - Created a thread named 'background_refresh'
2020-07-05 13:09:21,731 (7f40548b9700) :  DEBUG (peerservice:198) - Found 1 servers
2020-07-05 13:09:21,732 (7f40548b9700) :  DEBUG (peerservice:233) - Updating existing server 1fa4655ae793 (84babd2b6413574365ceb3daa97f2ed6a2151f97)
2020-07-05 13:09:21,732 (7f40548b9700) :  DEBUG (networking:143) - Requesting 'http://127.0.0.1:32400/library/sections'
2020-07-05 13:09:21,734 (7f40548b9700) :  DEBUG (networking:143) - Requesting 'http://127.0.0.1:32400/channels/all'
